<?xml version="1.0" encoding="UTF-8" ?>
<testsuite tests="12" failures="0" name="God.Cards.AthenaTest" time="0.026" errors="0" skipped="0">
  <properties>
    <property name="java.runtime.name" value="Java(TM) SE Runtime Environment"/>
    <property name="java.vm.version" value="16.0.2+7-67"/>
    <property name="sun.boot.library.path" value="C:\Program Files\Java\jdk-16.0.2\bin"/>
    <property name="maven.multiModuleProjectDirectory" value="C:\Users\lir6\Desktop\17214\hw3-santorini"/>
    <property name="java.vm.vendor" value="Oracle Corporation"/>
    <property name="java.vendor.url" value="https://java.oracle.com/"/>
    <property name="guice.disable.misplaced.annotation.check" value="true"/>
    <property name="path.separator" value=";"/>
    <property name="java.vm.name" value="Java HotSpot(TM) 64-Bit Server VM"/>
    <property name="sun.os.patch.level" value=""/>
    <property name="user.script" value=""/>
    <property name="user.country" value="US"/>
    <property name="sun.java.launcher" value="SUN_STANDARD"/>
    <property name="java.vm.specification.name" value="Java Virtual Machine Specification"/>
    <property name="user.dir" value="C:\Users\lir6\Desktop\17214\hw3-santorini"/>
    <property name="java.vm.compressedOopsMode" value="32-bit"/>
    <property name="java.runtime.version" value="16.0.2+7-67"/>
    <property name="os.arch" value="amd64"/>
    <property name="java.io.tmpdir" value="C:\Users\lir6\AppData\Local\Temp\"/>
    <property name="line.separator" value="
"/>
    <property name="java.vm.specification.vendor" value="Oracle Corporation"/>
    <property name="user.variant" value=""/>
    <property name="os.name" value="Windows 10"/>
    <property name="classworlds.conf" value="C:\Users\lir6\apache-maven-3.8.2\bin\m2.conf"/>
    <property name="sun.jnu.encoding" value="Cp1252"/>
    <property name="java.library.path" value="C:\Program Files\Java\jdk-16.0.2\bin;C:\WINDOWS\Sun\Java\bin;C:\WINDOWS\system32;C:\WINDOWS;C:\Users\lir6\Anaconda3\condabin;C:\Program Files (x86)\VMware\VMware Player\bin\;C:\Program Files\Common Files\Oracle\Java\javapath;C:\Program Files (x86)\Common Files\Oracle\Java\javapath;C:\Program Files (x86)\Intel\Intel(R) Management Engine Components\iCLS\;C:\Program Files\Intel\Intel(R) Management Engine Components\iCLS\;C:\WINDOWS\system32;C:\WINDOWS;C:\WINDOWS\System32\Wbem;C:\WINDOWS\System32\WindowsPowerShell\v1.0\;C:\Program Files (x86)\Intel\Intel(R) Management Engine Components\DAL;C:\Program Files\Intel\Intel(R) Management Engine Components\DAL;C:\Program Files (x86)\Intel\Intel(R) Management Engine Components\IPT;C:\Program Files\Intel\Intel(R) Management Engine Components\IPT;C:\WINDOWS\System32\OpenSSH\;C:\Program Files (x86)\PharosSystems\Core;C:\Program Files\Intel\WiFi\bin\;C:\Program Files\Common Files\Intel\WirelessCommon\;C:\Program Files\Git\cmd;C:\Program Files\nodejs\;C:\Program Files\MongoDB\Server\4.2\bin;C:\Program Files\Redis\;C:\Program Files (x86)\Java\jre1.8.0_261\bin;C:\Program Files (x86)\Java\jre1.8.0_261\lib;C:\Program Files\Java\jdk-11.0.8\bin;C:\Program Files\dotnet\;C:\Program Files\Microsoft SQL Server\Client SDK\ODBC\170\Tools\Binn\;C:\Program Files (x86)\Microsoft SQL Server\150\Tools\Binn\;C:\Program Files\Microsoft SQL Server\150\Tools\Binn\;C:\Program Files\Microsoft SQL Server\150\DTS\Binn\;C:\Program Files\Azure Data Studio\bin;C:\Program Files (x86)\dotnet\;C:\Users\lir6\Anaconda3;C:\Users\lir6\Anaconda3\Library\mingw-w64\bin;C:\Users\lir6\Anaconda3\Library\usr\bin;C:\Users\lir6\Anaconda3\Library\bin;C:\Users\lir6\Anaconda3\Scripts;C:\Users\lir6\AppData\Local\Microsoft\WindowsApps;C:\Users\lir6\AppData\Local\GitHubDesktop\bin;C:\Users\lir6\AppData\Local\Microsoft\WindowsApps;C:\Program Files\PostgreSQL\11\bin;C:\Users\lir6\Miniconda3\;C:\Users\lir6\Miniconda3\scripts;C:\Users\lir6\AppData\Roaming\npm;C:\Users\lir6\AppData\Local\Programs\Microsoft VS Code\bin;C:\Users\lir6\Documents\Spark\spark-2.3.4-bin-hadoop2.7\bin;C:\Users\lir6\.dotnet\tools;C:\Program Files\Azure Data Studio\bin;C:\Users\lir6\AppData\Roaming\TinyTeX\bin\win32;C:\Users\lir6\apache-maven-3.8.2\bin;C:\Program Files\JetBrains\IntelliJ IDEA Community Edition 2021.2.1\bin;;C:\Program Files\Java\jdk-16.0.2\bin;;."/>
    <property name="maven.conf" value="C:\Users\lir6\apache-maven-3.8.2/conf"/>
    <property name="jdk.debug" value="release"/>
    <property name="java.class.version" value="60.0"/>
    <property name="java.specification.name" value="Java Platform API Specification"/>
    <property name="sun.management.compiler" value="HotSpot 64-Bit Tiered Compilers"/>
    <property name="os.version" value="10.0"/>
    <property name="user.home" value="C:\Users\lir6"/>
    <property name="user.timezone" value="America/New_York"/>
    <property name="file.encoding" value="Cp1252"/>
    <property name="java.specification.version" value="16"/>
    <property name="user.name" value="lir6"/>
    <property name="java.class.path" value="C:\Users\lir6\apache-maven-3.8.2\boot\plexus-classworlds-2.6.0.jar"/>
    <property name="java.vm.specification.version" value="16"/>
    <property name="sun.arch.data.model" value="64"/>
    <property name="sun.java.command" value="org.codehaus.plexus.classworlds.launcher.Launcher clean install"/>
    <property name="java.home" value="C:\Program Files\Java\jdk-16.0.2"/>
    <property name="user.language" value="en"/>
    <property name="java.specification.vendor" value="Oracle Corporation"/>
    <property name="java.vm.info" value="mixed mode, sharing"/>
    <property name="java.version" value="16.0.2"/>
    <property name="java.vendor" value="Oracle Corporation"/>
    <property name="sun.stderr.encoding" value="cp437"/>
    <property name="maven.home" value="C:\Users\lir6\apache-maven-3.8.2"/>
    <property name="file.separator" value="\"/>
    <property name="java.version.date" value="2021-07-20"/>
    <property name="java.vendor.url.bug" value="https://bugreport.java.com/bugreport/"/>
    <property name="sun.io.unicode.encoding" value="UnicodeLittle"/>
    <property name="sun.cpu.endian" value="little"/>
    <property name="sun.stdout.encoding" value="cp437"/>
    <property name="sun.cpu.isalist" value="amd64"/>
  </properties>
  <testcase classname="God.Cards.AthenaTest" name="testLowerLevel1" time="0.016"/>
  <testcase classname="God.Cards.AthenaTest" name="testLowerLevel2" time="0"/>
  <testcase classname="God.Cards.AthenaTest" name="testLowerLevel3" time="0.001"/>
  <testcase classname="God.Cards.AthenaTest" name="testUpperLevel1" time="0"/>
  <testcase classname="God.Cards.AthenaTest" name="testUpperLevel2" time="0.005"/>
  <testcase classname="God.Cards.AthenaTest" name="testUpperLevel3" time="0"/>
  <testcase classname="God.Cards.AthenaTest" name="testBaseLogic" time="0"/>
  <testcase classname="God.Cards.AthenaTest" name="testIsHigher" time="0"/>
  <testcase classname="God.Cards.AthenaTest" name="testDoubleAthena" time="0.003"/>
  <testcase classname="God.Cards.AthenaTest" name="testSameLevel1" time="0.001"/>
  <testcase classname="God.Cards.AthenaTest" name="testSameLevel2" time="0"/>
  <testcase classname="God.Cards.AthenaTest" name="testSameLevel3" time="0"/>
</testsuite>